  ThreatsObject.cpp
C:\Users\ADMIN\source\repos\game\game\CommonFunction.h(51,2): warning C4091: 'typedef ': ignored on left of 'Input' when no variable is declared
  (compiling source file 'ThreatsObject.cpp')
  
C:\Users\ADMIN\source\repos\game\game\CommonFunction.h(64,2): warning C4091: 'typedef ': ignored on left of 'Map' when no variable is declared
  (compiling source file 'ThreatsObject.cpp')
  
C:\Users\ADMIN\source\repos\game\game\ThreatsObject.cpp(107,20): warning C4244: '=': conversion from 'float' to 'int', possible loss of data
C:\Users\ADMIN\source\repos\game\game\ThreatsObject.cpp(108,20): warning C4244: '=': conversion from 'float' to 'int', possible loss of data
C:\Users\ADMIN\source\repos\game\game\ThreatsObject.cpp(125,33): warning C4305: '+=': truncation from 'double' to 'float'
C:\Users\ADMIN\source\repos\game\game\ThreatsObject.cpp(179,11): warning C4267: 'initializing': conversion from 'size_t' to 'int', possible loss of data
C:\Users\ADMIN\source\repos\game\game\ThreatsObject.cpp(205,25): warning C4244: '=': conversion from 'float' to 'int', possible loss of data
C:\Users\ADMIN\source\repos\game\game\ThreatsObject.cpp(206,44): warning C4244: '=': conversion from 'float' to 'int', possible loss of data
C:\Users\ADMIN\source\repos\game\game\ThreatsObject.cpp(208,16): warning C4244: '=': conversion from 'float' to 'int', possible loss of data
C:\Users\ADMIN\source\repos\game\game\ThreatsObject.cpp(209,33): warning C4244: '=': conversion from 'float' to 'int', possible loss of data
C:\Users\ADMIN\source\repos\game\game\ThreatsObject.cpp(221,17): warning C4244: '=': conversion from 'int' to 'float', possible loss of data
C:\Users\ADMIN\source\repos\game\game\ThreatsObject.cpp(235,23): warning C4244: '=': conversion from 'int' to 'float', possible loss of data
C:\Users\ADMIN\source\repos\game\game\ThreatsObject.cpp(243,16): warning C4244: '=': conversion from 'float' to 'int', possible loss of data
C:\Users\ADMIN\source\repos\game\game\ThreatsObject.cpp(244,28): warning C4244: '=': conversion from 'float' to 'int', possible loss of data
C:\Users\ADMIN\source\repos\game\game\ThreatsObject.cpp(246,25): warning C4244: '=': conversion from 'float' to 'int', possible loss of data
C:\Users\ADMIN\source\repos\game\game\ThreatsObject.cpp(247,45): warning C4244: '=': conversion from 'float' to 'int', possible loss of data
C:\Users\ADMIN\source\repos\game\game\ThreatsObject.cpp(260,17): warning C4244: '=': conversion from 'int' to 'float', possible loss of data
C:\Users\ADMIN\source\repos\game\game\ThreatsObject.cpp(276,23): warning C4244: '=': conversion from 'int' to 'float', possible loss of data
C:\Users\ADMIN\source\repos\game\game\ThreatsObject.cpp(292,43): warning C4244: '=': conversion from 'int' to 'float', possible loss of data
  main.cpp
C:\Users\ADMIN\source\repos\game\game\main.cpp(1,4): error C2014: preprocessor command must start as first nonwhite space
C:\Program Files\Microsoft Visual Studio\2022\Community\VC\Tools\MSVC\14.39.33519\include\sal.h(2361,1): error C2144: syntax error: 'int' should be preceded by ';'
  (compiling source file 'main.cpp')
  
C:\Program Files\Microsoft Visual Studio\2022\Community\VC\Tools\MSVC\14.39.33519\include\sal.h(2361,8): error C4430: missing type specifier - int assumed. Note: C++ does not support default-int
  (compiling source file 'main.cpp')
  
C:\Users\ADMIN\source\repos\game\game\CommonFunction.h(51,2): warning C4091: 'typedef ': ignored on left of 'Input' when no variable is declared
  (compiling source file 'main.cpp')
  
C:\Users\ADMIN\source\repos\game\game\CommonFunction.h(64,2): warning C4091: 'typedef ': ignored on left of 'Map' when no variable is declared
  (compiling source file 'main.cpp')
  
C:\Users\ADMIN\source\repos\game\game\MainObject.h(63,31): warning C4244: 'return': conversion from 'const float' to 'int', possible loss of data
  (compiling source file 'main.cpp')
  
C:\Users\ADMIN\source\repos\game\game\Geometric.h(16,2): warning C4091: 'typedef ': ignored on left of 'GeometricFormat' when no variable is declared
  (compiling source file 'main.cpp')
  
C:\Users\ADMIN\source\repos\game\game\Geometric.h(25,2): warning C4091: 'typedef ': ignored on left of 'ColorData' when no variable is declared
  (compiling source file 'main.cpp')
  
C:\Users\ADMIN\source\repos\game\game\main.cpp(145,28): warning C4244: 'argument': conversion from 'int' to 'const float', possible loss of data
C:\Users\ADMIN\source\repos\game\game\main.cpp(148,13): warning C4244: 'initializing': conversion from 'float' to 'int', possible loss of data
C:\Users\ADMIN\source\repos\game\game\main.cpp(149,13): warning C4244: 'initializing': conversion from 'float' to 'int', possible loss of data
C:\Users\ADMIN\source\repos\game\game\main.cpp(168,28): warning C4244: 'argument': conversion from 'int' to 'const float', possible loss of data
C:\Users\ADMIN\source\repos\game\game\main.cpp(230,41): warning C4244: 'argument': conversion from 'double' to 'const int', possible loss of data
C:\Users\ADMIN\source\repos\game\game\main.cpp(601,20): warning C4244: 'initializing': conversion from 'double' to 'int', possible loss of data
C:\Users\ADMIN\source\repos\game\game\main.cpp(602,20): warning C4244: 'initializing': conversion from 'double' to 'int', possible loss of data
C:\Users\ADMIN\source\repos\game\game\main.cpp(652,54): warning C4244: 'argument': conversion from 'double' to 'int', possible loss of data
C:\Users\ADMIN\source\repos\game\game\main.cpp(659,55): warning C4244: 'argument': conversion from 'double' to 'int', possible loss of data
  Generating Code...
