  main.cpp
C:\Users\ADMIN\source\repos\game\game\CommonFunction.h(51,2): warning C4091: 'typedef ': ignored on left of 'Input' when no variable is declared
  (compiling source file 'main.cpp')
  
C:\Users\ADMIN\source\repos\game\game\CommonFunction.h(64,2): warning C4091: 'typedef ': ignored on left of 'Map' when no variable is declared
  (compiling source file 'main.cpp')
  
C:\Users\ADMIN\source\repos\game\game\MainObject.h(63,31): warning C4244: 'return': conversion from 'const float' to 'int', possible loss of data
  (compiling source file 'main.cpp')
  
C:\Users\ADMIN\source\repos\game\game\Geometric.h(16,2): warning C4091: 'typedef ': ignored on left of 'GeometricFormat' when no variable is declared
  (compiling source file 'main.cpp')
  
C:\Users\ADMIN\source\repos\game\game\Geometric.h(25,2): warning C4091: 'typedef ': ignored on left of 'ColorData' when no variable is declared
  (compiling source file 'main.cpp')
  
C:\Users\ADMIN\source\repos\game\game\main.cpp(147,28): warning C4244: 'argument': conversion from 'int' to 'const float', possible loss of data
C:\Users\ADMIN\source\repos\game\game\main.cpp(150,13): warning C4244: 'initializing': conversion from 'float' to 'int', possible loss of data
C:\Users\ADMIN\source\repos\game\game\main.cpp(151,13): warning C4244: 'initializing': conversion from 'float' to 'int', possible loss of data
C:\Users\ADMIN\source\repos\game\game\main.cpp(170,28): warning C4244: 'argument': conversion from 'int' to 'const float', possible loss of data
C:\Users\ADMIN\source\repos\game\game\main.cpp(223,41): warning C4244: 'argument': conversion from 'double' to 'const int', possible loss of data
C:\Users\ADMIN\source\repos\game\game\main.cpp(455,22): warning C4018: '<': signed/unsigned mismatch
C:\Users\ADMIN\source\repos\game\game\main.cpp(473,26): warning C4018: '<': signed/unsigned mismatch
C:\Users\ADMIN\source\repos\game\game\main.cpp(550,22): warning C4018: '<': signed/unsigned mismatch
C:\Users\ADMIN\source\repos\game\game\main.cpp(565,24): warning C4018: '<': signed/unsigned mismatch
C:\Users\ADMIN\source\repos\game\game\main.cpp(594,20): warning C4244: 'initializing': conversion from 'double' to 'int', possible loss of data
C:\Users\ADMIN\source\repos\game\game\main.cpp(595,20): warning C4244: 'initializing': conversion from 'double' to 'int', possible loss of data
C:\Users\ADMIN\source\repos\game\game\main.cpp(645,54): warning C4244: 'argument': conversion from 'double' to 'int', possible loss of data
C:\Users\ADMIN\source\repos\game\game\main.cpp(652,55): warning C4244: 'argument': conversion from 'double' to 'int', possible loss of data
C:\Users\ADMIN\source\repos\game\game\main.cpp(680,20): warning C4018: '<': signed/unsigned mismatch
  game.vcxproj -> C:\Users\ADMIN\source\repos\game\Debug\game.exe
